{
  "stats": {
    "suites": 3,
    "tests": 12,
    "passes": 12,
    "pending": 0,
    "failures": 0,
    "start": "2018-09-29T17:06:24.258Z",
    "end": "2018-09-29T17:06:24.282Z",
    "duration": 24,
    "testsRegistered": 12,
    "passPercent": 100,
    "pendingPercent": 0,
    "other": 0,
    "hasOther": false,
    "skipped": 0,
    "hasSkipped": false,
    "passPercentClass": "success",
    "pendingPercentClass": "danger"
  },
  "suites": {
    "uuid": "7a5d9ff9-6f97-4da3-81f5-76d82e765971",
    "title": "",
    "fullFile": "",
    "file": "",
    "beforeHooks": [],
    "afterHooks": [],
    "tests": [],
    "suites": [
      {
        "uuid": "86ae3686-a432-4cd0-aa70-9852c6020b5d",
        "title": "testing imports from /dist/index.js",
        "fullFile": "/home/cartok/l3p/vanilla-cream/test/import.js",
        "file": "/test/import.js",
        "beforeHooks": [],
        "afterHooks": [],
        "tests": [
          {
            "title": "should import the ext libs for Observable",
            "fullTitle": "testing imports from /dist/index.js should import the ext libs for Observable",
            "timedOut": false,
            "duration": 1,
            "state": "passed",
            "speed": "fast",
            "pass": true,
            "fail": false,
            "pending": false,
            "code": "_index.Observable.should.be.a(\"function\");\ndescribe(\"testing the Observable object:\", () => {\n  it(\"should be able to create an Observable\", () => {\n    const o = new _index.Observable(\"test\");\n    o.should.be.an(\"object\");\n  });\n});",
            "err": {},
            "isRoot": false,
            "uuid": "599df440-67f8-4853-823c-f628f9e836a9",
            "isHook": false,
            "skipped": false
          },
          {
            "title": "should import the ext libs for NodeTemplate",
            "fullTitle": "testing imports from /dist/index.js should import the ext libs for NodeTemplate",
            "timedOut": false,
            "duration": 0,
            "state": "passed",
            "speed": "fast",
            "pass": true,
            "fail": false,
            "pending": false,
            "code": "_index.NodeTemplate.should.be.a(\"function\");\ndescribe(\"testing the NodeTemplate object:\", () => {\n  it(\"should be able to create a NodeTemplate\", () => {\n    const n = new _index.NodeTemplate(\"<h1>test</h1>\");\n    n.should.be.an(\"object\");\n  });\n});",
            "err": {},
            "isRoot": false,
            "uuid": "4a2986b3-5860-448f-a83c-e6a453be45e1",
            "isHook": false,
            "skipped": false
          },
          {
            "title": "should import http:",
            "fullTitle": "testing imports from /dist/index.js should import http:",
            "timedOut": false,
            "duration": 0,
            "state": "passed",
            "speed": "fast",
            "pass": true,
            "fail": false,
            "pending": false,
            "code": "_index.http.should.be.an(\"object\");",
            "err": {},
            "isRoot": false,
            "uuid": "827a6ab0-d165-40f9-819d-f69733dd1662",
            "isHook": false,
            "skipped": false
          },
          {
            "title": "should import state:",
            "fullTitle": "testing imports from /dist/index.js should import state:",
            "timedOut": false,
            "duration": 1,
            "state": "passed",
            "speed": "fast",
            "pass": true,
            "fail": false,
            "pending": false,
            "code": "_index.state.should.be.an(\"object\");",
            "err": {},
            "isRoot": false,
            "uuid": "f2115f82-738b-4956-8801-451affdbeab2",
            "isHook": false,
            "skipped": false
          },
          {
            "title": "should import dom",
            "fullTitle": "testing imports from /dist/index.js should import dom",
            "timedOut": false,
            "duration": 0,
            "state": "passed",
            "speed": "fast",
            "pass": true,
            "fail": false,
            "pending": false,
            "code": "_index.dom.should.be.an(\"object\");\n_index.dom.getElementStyle.should.be.a(\"function\");\n_index.dom.isChildOf.should.be.a(\"function\");\n_index.dom.iterate.should.be.a(\"function\");\n_index.dom.setGlobalStyle.should.be.a(\"function\");\n_index.dom.removeEmptyAttributes.should.be.a(\"function\");",
            "err": {},
            "isRoot": false,
            "uuid": "0da890a3-dd0c-4a60-9c45-1d2814aa385d",
            "isHook": false,
            "skipped": false
          },
          {
            "title": "should import dom functions",
            "fullTitle": "testing imports from /dist/index.js should import dom functions",
            "timedOut": false,
            "duration": 0,
            "state": "passed",
            "speed": "fast",
            "pass": true,
            "fail": false,
            "pending": false,
            "code": "_index.getElementStyle.should.be.a(\"function\");\n_index.isChildOf.should.be.a(\"function\");\n_index.iterate.should.be.a(\"function\");\n_index.setGlobalStyle.should.be.a(\"function\");\n_index.removeEmptyAttributes.should.be.a(\"function\");",
            "err": {},
            "isRoot": false,
            "uuid": "d6fb588b-e75e-4353-962f-6b1ed37bff7e",
            "isHook": false,
            "skipped": false
          },
          {
            "title": "should import input",
            "fullTitle": "testing imports from /dist/index.js should import input",
            "timedOut": false,
            "duration": 0,
            "state": "passed",
            "speed": "fast",
            "pass": true,
            "fail": false,
            "pending": false,
            "code": "_index.input.should.be.an(\"object\");\n_index.input.keyboard.should.be.an(\"object\");\n_index.input.mouse.should.be.an(\"object\");",
            "err": {},
            "isRoot": false,
            "uuid": "1891dbaa-78cf-46f7-b106-45b3881429a2",
            "isHook": false,
            "skipped": false
          },
          {
            "title": "should import input components",
            "fullTitle": "testing imports from /dist/index.js should import input components",
            "timedOut": false,
            "duration": 0,
            "state": "passed",
            "speed": "fast",
            "pass": true,
            "fail": false,
            "pending": false,
            "code": "_index.keyboard.should.be.an(\"object\");\n_index.mouse.should.be.an(\"object\");",
            "err": {},
            "isRoot": false,
            "uuid": "6c89fff9-f46c-42cc-b097-7ce331422799",
            "isHook": false,
            "skipped": false
          },
          {
            "title": "should import browser",
            "fullTitle": "testing imports from /dist/index.js should import browser",
            "timedOut": false,
            "duration": 0,
            "state": "passed",
            "speed": "fast",
            "pass": true,
            "fail": false,
            "pending": false,
            "code": "_index.browser.should.be.an(\"object\");\n_index.browser.BROWSER_NAMES.should.be.an(\"array\");\n_index.browser.BROWSER_NAME.should.be.an(\"string\");",
            "err": {},
            "isRoot": false,
            "uuid": "0441768d-a32f-46fd-91d5-d0bcfb1c5755",
            "isHook": false,
            "skipped": false
          },
          {
            "title": "should import browser components",
            "fullTitle": "testing imports from /dist/index.js should import browser components",
            "timedOut": false,
            "duration": 0,
            "state": "passed",
            "speed": "fast",
            "pass": true,
            "fail": false,
            "pending": false,
            "code": "_index.BROWSER_NAMES.should.be.an(\"array\");\n_index.BROWSER_NAME.should.be.an(\"string\");",
            "err": {},
            "isRoot": false,
            "uuid": "f816876a-75e3-479e-a68a-03386a564b0d",
            "isHook": false,
            "skipped": false
          }
        ],
        "suites": [],
        "passes": [
          "599df440-67f8-4853-823c-f628f9e836a9",
          "4a2986b3-5860-448f-a83c-e6a453be45e1",
          "827a6ab0-d165-40f9-819d-f69733dd1662",
          "f2115f82-738b-4956-8801-451affdbeab2",
          "0da890a3-dd0c-4a60-9c45-1d2814aa385d",
          "d6fb588b-e75e-4353-962f-6b1ed37bff7e",
          "1891dbaa-78cf-46f7-b106-45b3881429a2",
          "6c89fff9-f46c-42cc-b097-7ce331422799",
          "0441768d-a32f-46fd-91d5-d0bcfb1c5755",
          "f816876a-75e3-479e-a68a-03386a564b0d"
        ],
        "failures": [],
        "pending": [],
        "skipped": [],
        "duration": 2,
        "root": false,
        "rootEmpty": false,
        "_timeout": 2000
      },
      {
        "uuid": "89bb9621-746b-47ea-9b1f-2910e2f1bcbd",
        "title": "testing the Observable object:",
        "fullFile": "/home/cartok/l3p/vanilla-cream/test/import.js",
        "file": "/test/import.js",
        "beforeHooks": [],
        "afterHooks": [],
        "tests": [
          {
            "title": "should be able to create an Observable",
            "fullTitle": "testing the Observable object: should be able to create an Observable",
            "timedOut": false,
            "duration": 0,
            "state": "passed",
            "speed": "fast",
            "pass": true,
            "fail": false,
            "pending": false,
            "code": "const o = new _index.Observable(\"test\");\no.should.be.an(\"object\");",
            "err": {},
            "isRoot": false,
            "uuid": "00327e4d-b566-496f-8d0d-db0c56c336be",
            "isHook": false,
            "skipped": false
          }
        ],
        "suites": [],
        "passes": [
          "00327e4d-b566-496f-8d0d-db0c56c336be"
        ],
        "failures": [],
        "pending": [],
        "skipped": [],
        "duration": 0,
        "root": false,
        "rootEmpty": false,
        "_timeout": 2000
      },
      {
        "uuid": "0d6eeaff-2bb6-4158-8eb3-2e3be6fd6a33",
        "title": "testing the NodeTemplate object:",
        "fullFile": "/home/cartok/l3p/vanilla-cream/test/import.js",
        "file": "/test/import.js",
        "beforeHooks": [],
        "afterHooks": [],
        "tests": [
          {
            "title": "should be able to create a NodeTemplate",
            "fullTitle": "testing the NodeTemplate object: should be able to create a NodeTemplate",
            "timedOut": false,
            "duration": 7,
            "state": "passed",
            "speed": "fast",
            "pass": true,
            "fail": false,
            "pending": false,
            "code": "const n = new _index.NodeTemplate(\"<h1>test</h1>\");\nn.should.be.an(\"object\");",
            "err": {},
            "isRoot": false,
            "uuid": "bbb7391d-e048-469a-bf0f-71ea495cdfc2",
            "isHook": false,
            "skipped": false
          }
        ],
        "suites": [],
        "passes": [
          "bbb7391d-e048-469a-bf0f-71ea495cdfc2"
        ],
        "failures": [],
        "pending": [],
        "skipped": [],
        "duration": 7,
        "root": false,
        "rootEmpty": false,
        "_timeout": 2000
      }
    ],
    "passes": [],
    "failures": [],
    "pending": [],
    "skipped": [],
    "duration": 0,
    "root": true,
    "rootEmpty": true,
    "_timeout": 2000
  },
  "copyrightYear": 2018
}